<?xml version="1.0" encoding="UTF-8"?>
<testsuite xmlns:xsi="http://www.w3.org/2001/XMLSchema-instance" xsi:noNamespaceSchemaLocation="https://maven.apache.org/surefire/maven-surefire-plugin/xsd/surefire-test-report.xsd" name="TestSuite" time="26.486" tests="2" errors="0" skipped="0" failures="0">
  <properties>
[...]
</properties>
  <testcase name="test_Verify_unique_error_numbers" classname="testcases.test_findError" time="0.299"/>
  <testcase name="test_create_user" classname="testcases.test_Leadcycle" time="10.358"/>
</testsuite>