<?xml version="1.0" encoding="UTF-8"?>
<testng-results skipped="0" failed="0" ignored="0" total="2" passed="2">
  <reporter-output>
    <line>
      <![CDATA[User -->  TestDominika396 Korol is created in the system]]>
    </line>
  </reporter-output>
  <suite name="Suite" duration-ms="13109" started-at="2020-01-26T12:47:40 CET" finished-at="2020-01-26T12:47:53 CET">
    <groups>
    </groups>
    <test name="actual number of unique error" duration-ms="1703" started-at="2020-01-26T12:47:40 CET" finished-at="2020-01-26T12:47:42 CET">
      <class name="testcases.test_findError">
        <test-method status="PASS" signature="test_Verify_unique_error_numbers()[pri:0, instance:testcases.test_findError@7a69b07]" name="test_Verify_unique_error_numbers" duration-ms="228" started-at="2020-01-26T12:47:40 CET" finished-at="2020-01-26T12:47:41 CET">
          <reporter-output>
          </reporter-output>
        </test-method> <!-- test_Verify_unique_error_numbers -->
      </class> <!-- testcases.test_findError -->
    </test> <!-- actual number of unique error -->
    <test name="create user" duration-ms="11193" started-at="2020-01-26T12:47:42 CET" finished-at="2020-01-26T12:47:53 CET">
      <class name="testcases.test_Leadcycle">
        <test-method status="PASS" signature="setUp()[pri:0, instance:testcases.test_Leadcycle@243c4f91]" name="setUp" is-config="true" duration-ms="10794" started-at="2020-01-26T12:47:30 CET" finished-at="2020-01-26T12:47:40 CET">
          <reporter-output>
          </reporter-output>
        </test-method> <!-- setUp -->
        <test-method status="PASS" signature="test_create_user()[pri:0, instance:testcases.test_Leadcycle@243c4f91]" name="test_create_user" duration-ms="10877" started-at="2020-01-26T12:47:42 CET" finished-at="2020-01-26T12:47:53 CET">
          <reporter-output>
            <line>
              <![CDATA[User -->  TestDominika396 Korol is created in the system]]>
            </line>
          </reporter-output>
        </test-method> <!-- test_create_user -->
        <test-method status="PASS" signature="tearDown()[pri:0, instance:testcases.test_Leadcycle@243c4f91]" name="tearDown" is-config="true" duration-ms="1332" started-at="2020-01-26T12:47:54 CET" finished-at="2020-01-26T12:47:55 CET">
          <reporter-output>
          </reporter-output>
        </test-method> <!-- tearDown -->
      </class> <!-- testcases.test_Leadcycle -->
    </test> <!-- create user -->
  </suite> <!-- Suite -->
</testng-results>
